2017-11-01 21:06:38> Program: Starting Squirrel Updater: --createShortcut atom.exe -l Desktop,StartMenu
2017-11-01 21:06:38> ApplyReleasesImpl: About to create shortcuts for atom.exe, rootAppDir C:\Users\Chinmoy\AppData\Local\atom
2017-11-01 21:06:43> ApplyReleasesImpl: Creating shortcut for atom.exe => C:\Users\Chinmoy\AppData\Roaming\Microsoft\Windows\Start Menu\Programs\GitHub, Inc.\Atom.lnk
2017-11-01 21:06:43> ApplyReleasesImpl: About to save shortcut: C:\Users\Chinmoy\AppData\Roaming\Microsoft\Windows\Start Menu\Programs\GitHub, Inc.\Atom.lnk (target C:\Users\Chinmoy\AppData\Local\atom\atom.exe, workingDir C:\Users\Chinmoy\AppData\Local\atom\app-1.21.2, args , toastActivatorCSLID f859ea73-8d1d-59d0-89d7-06ee420a371f)
2017-11-01 21:06:43> ApplyReleasesImpl: Creating shortcut for atom.exe => C:\Users\Chinmoy\Desktop\Atom.lnk
2017-11-01 21:06:43> ApplyReleasesImpl: About to save shortcut: C:\Users\Chinmoy\Desktop\Atom.lnk (target C:\Users\Chinmoy\AppData\Local\atom\atom.exe, workingDir C:\Users\Chinmoy\AppData\Local\atom\app-1.21.2, args , toastActivatorCSLID f859ea73-8d1d-59d0-89d7-06ee420a371f)
2017-11-01 21:06:43> ApplyReleasesImpl: Examining Pin: CodeBlocks.lnk
2017-11-01 21:06:43> ApplyReleasesImpl: Examining Pin: File Explorer.lnk
2017-11-01 21:06:43> ApplyReleasesImpl: Examining Pin: JetBrains PyCharm Community Edition 2017.2.3 x64.lnk
2017-11-01 21:06:43> ApplyReleasesImpl: Examining Pin: Mozilla Firefox.lnk
2017-11-01 21:06:43> ApplyReleasesImpl: Examining Pin: Run SQL Command Line.lnk
2017-11-01 21:06:43> ApplyReleasesImpl: Examining Pin: Run.lnk
2017-11-01 21:06:43> ApplyReleasesImpl: Examining Pin: Snipping Tool.lnk
2017-11-01 21:06:43> ApplyReleasesImpl: File 'C:\Users\Chinmoy\AppData\Roaming\Microsoft\Internet Explorer\Quick Launch\User Pinned\TaskBar\Snipping Tool.lnk' could not be converted into a valid ShellLink: System.IO.FileNotFoundException: The system cannot find the file specified. (Exception from HRESULT: 0x80070002)
   at Squirrel.Shell.ShellLink.IShellLinkW.Resolve(IntPtr hWnd, UInt32 fFlags)
   at Squirrel.Shell.ShellLink.Open(String linkFile, IntPtr hWnd, EShellLinkResolveFlags resolveFlags, UInt16 timeOut)
   at Squirrel.UpdateManager.ApplyReleasesImpl.<fixPinnedExecutables>b__11_0(FileInfo file)
2017-11-01 21:06:43> ApplyReleasesImpl: Examining Pin: Task Manager.lnk
2017-11-01 21:06:43> ApplyReleasesImpl: Examining Pin: µTorrent.lnk
2017-11-01 21:06:58> Program: Starting Squirrel Updater: --download https://atom.io/api/updates-x64?version=1.21.2
2017-11-01 21:06:58> Program: Fetching update information, downloading from https://atom.io/api/updates-x64?version=1.21.2
2017-11-01 21:06:58> CheckForUpdateImpl: Generated new staging user ID: 5b99ecbc-5346-50eb-867f-d1df890a5bfa
2017-11-01 21:06:58> CheckForUpdateImpl: Downloading RELEASES file from https://atom.io/api/updates-x64?version=1.21.2
2017-11-01 21:07:03> FileDownloader: Downloading url: https://atom.io/api/updates-x64/RELEASES?version=1.21.2&id=atom&localVersion=1.21.2&arch=amd64
2017-11-01 21:24:06> Program: Starting Squirrel Updater: --download https://atom.io/api/updates-x64?version=1.21.2
2017-11-01 21:24:06> Program: Fetching update information, downloading from https://atom.io/api/updates-x64?version=1.21.2
2017-11-01 21:24:06> CheckForUpdateImpl: Using existing staging user ID: 5b99ecbc-5346-50eb-867f-d1df890a5bfa
2017-11-01 21:24:06> CheckForUpdateImpl: Downloading RELEASES file from https://atom.io/api/updates-x64?version=1.21.2
2017-11-01 21:24:06> FileDownloader: Downloading url: https://atom.io/api/updates-x64/RELEASES?version=1.21.2&id=atom&localVersion=1.21.2&arch=amd64
em.IO.__Error.WinIOError(Int32 errorCode, String maybeFullPath)
   at System.IO.FileStream.Init(String path, FileMode mode, FileAccess access, Int32 rights, Boolean useRights, FileShare share, Int32 bufferSize, FileOptions options, SECURITY_ATTRIBUTES secAttrs, String msgPath, Boolean bFromProxy, Boolean useLongPath, Boolean checkHost)
   at System.IO.FileStream..ctor(String path, FileMode mode, FileAccess access, FileShare share)
   at Squirrel.SingleGlobalInstance..ctor(String key, TimeSpan timeOut)
2017-11-01 21:24:06> SingleGlobalInstance: Failed to grab lockfile, will retry: C:\Users\Chinmoy\AppData\Local\Temp\.squirrel-lock-26D893AC90A3E7521BE6365EF297639ABE547FAC: System.IO.IOException: The process cannot access the file 'C:\Users\Chinmoy\AppData\Local\Temp\.squirrel-lock-26D893AC90A3E7521BE6365EF297639ABE547FAC' because it is being used by another process.
   at System.IO.__Error.WinIOError(Int32 errorCode, String maybeFullPath)
   at System.IO.FileStream.Init(String path, FileMode mode, FileAccess access, Int32 rights, Boolean useRights, FileShare share, Int32 bufferSize, FileOptions options, SECURITY_ATTRIBUTES secAttrs, String msgPath, Boolean bFromProxy, Boolean useLongPath, Boolean checkHost)
   at System.IO.FileStream..ctor(String path, FileMode mode, FileAccess access, FileShare share)
   at Squirrel.SingleGlobalInstance..ctor(String key, TimeSpan timeOut)
2017-11-01 21:24:07> SingleGlobalInstance: Failed to grab lockfile, will retry: C:\Users\Chinmoy\AppData\Local\Temp\.squirrel-lock-26D893AC90A3E7521BE6365EF297639ABE547FAC: System.IO.IOException: The process cannot access the file 'C:\Users\Chinmoy\AppData\Local\Temp\.squirrel-lock-26D893AC90A3E7521BE6365EF297639ABE547FAC' because it is being used by another process.
   at System.IO.__Error.WinIOError(Int32 errorCode, String maybeFullPath)
   at System.IO.FileStream.Init(String path, FileMode mode, FileAccess access, Int32 rights, Boolean useRights, FileShare share, Int32 bufferSize, FileOptions options, SECURITY_ATTRIBUTES secAttrs, String msgPath, Boolean bFromProxy, Boolean useLongPath, Boolean checkHost)
   at System.IO.FileStream..ctor(String path, FileMode mode, FileAccess access, FileShare share)
   at Squirrel.SingleGlobalInstance..ctor(String key, TimeSpan timeOut)
2017-11-01 21:24:07> SingleGlobalInstance: Failed to grab lockfile, will retry: C:\Users\Chinmoy\AppData\Local\Temp\.squirrel-lock-26D893AC90A3E7521BE6365EF297639ABE547FAC: System.IO.IOException: The process cannot access the file 'C:\Users\Chinmoy\AppData\Local\Temp\.squirrel-lock-26D893AC90A3E7521BE6365EF297639ABE547FAC' because it is being used by another process.
   at System.IO.__Error.WinIOError(Int32 errorCode, String maybeFullPath)
   at System.IO.FileStream.Init(String path, FileMode mode, FileAccess access, Int32 rights, Boolean useRights, FileShare share, Int32 bufferSize, FileOptions options, SECURITY_ATTRIBUTES secAttrs, String msgPath, Boolean bFromProxy, Boolean useLongPath, Boolean checkHost)
   at System.IO.FileStream..ctor(String path, FileMode mode, FileAccess access, FileShare share)
   at Squirrel.SingleGlobalInstance..ctor(String key, TimeSpan timeOut)
2017-11-01 21:24:07> SingleGlobalInstance: Failed to grab lockfile, will retry: C:\Users\Chinmoy\AppData\Local\Temp\.squirrel-lock-26D893AC90A3E7521BE6365EF297639ABE547FAC: System.IO.IOException: The process cannot access the file 'C:\Users\Chinmoy\AppData\Local\Temp\.squirrel-lock-26D893AC90A3E7521BE6365EF297639ABE547FAC' because it is being used by another process.
   at System.IO.__Error.WinIOError(Int32 errorCode, String maybeFullPath)
   at System.IO.FileStream.Init(String path, FileMode mode, FileAccess access, Int32 rights, Boolean useRights, FileShare share, Int32 bufferSize, FileOptions options, SECURITY_ATTRIBUTES secAttrs, String msgPath, Boolean bFromProxy, Boolean useLongPath, Boolean checkHost)
   at System.IO.FileStream..ctor(String path, FileMode mode, FileAccess access, FileShare share)
   at Squirrel.SingleGlobalInstance..ctor(String key, TimeSpan timeOut)
2017-11-01 21:24:07> SingleGlobalInstance: Failed to grab lockfile, will retry: C:\Users\Chinmoy\AppData\Local\Temp\.squirrel-lock-26D893AC90A3E7521BE6365EF297639ABE547FAC: System.IO.IOException: The process cannot access the file 'C:\Users\Chinmoy\AppData\Local\Temp\.squirrel-lock-26D893AC90A3E7521BE6365EF297639ABE547FAC' because it is being used by another process.
   at System.IO.__Error.WinIOError(Int32 errorCode, String maybeFullPath)
   at System.IO.FileStream.Init(String path, FileMode mode, FileAccess access, Int32 rights, Boolean useRights, FileShare share, Int32 bufferSize, FileOptions options, SECURITY_ATTRIBUTES secAttrs, String msgPath, Boolean bFromProxy, Boolean useLongPath, Boolean checkHost)
   at System.IO.FileStream..ctor(String path, FileMode mode, FileAccess access, FileShare share)
   at Squirrel.SingleGlobalInstance..ctor(String key, TimeSpan timeOut)
2017-11-01 21:24:08> SingleGlobalInstance: Failed to grab lockfile, will retry: C:\Users\Chinmoy\AppData\Local\Temp\.squirrel-lock-26D893AC90A3E7521BE6365EF297639ABE547FAC: System.IO.IOException: The process cannot access the file 'C:\Users\Chinmoy\AppData\Local\Temp\.squirrel-lock-26D893AC90A3E7521BE6365EF297639ABE547FAC' because it is being used by another process.
   at System.IO.__Error.WinIOError(Int32 errorCode, String maybeFullPath)
   at System.IO.FileStream.Init(String path, FileMode mode, FileAccess access, Int32 rights, Boolean useRights, FileShare share, Int32 bufferSize, FileOptions options, SECURITY_ATTRIBUTES secAttrs, String msgPath, Boolean bFromProxy, Boolean useLongPath, Boolean checkHost)
   at System.IO.FileStream..ctor(String path, FileMode mode, FileAccess access, FileShare share)
   at Squirrel.SingleGlobalInstance..ctor(String key, TimeSpan timeOut)
2017-11-01 21:24:08> SingleGlobalInstance: Failed to grab lockfile, will retry: C:\Users\Chinmoy\AppData\Local\Temp\.squirrel-lock-26D893AC90A3E7521BE6365EF297639ABE547FAC: System.IO.IOException: The process cannot access the file 'C:\Users\Chinmoy\AppData\Local\Temp\.squirrel-lock-26D893AC90A3E7521BE6365EF297639ABE547FAC' because it is being used by another process.
   at System.IO.__Error.WinIOError(Int32 errorCode, String maybeFullPath)
   at System.IO.FileStream.Init(String path, FileMode mode, FileAccess access, Int32 rights, Boolean useRights, FileShare share, Int32 bufferSize, FileOptions options, SECURITY_ATTRIBUTES secAttrs, String msgPath, Boolean bFromProxy, Boolean useLongPath, Boolean checkHost)
   at System.IO.FileStream..ctor(String path, FileMode mode, FileAccess access, FileShare share)
   at Squirrel.SingleGlobalInstance..ctor(String key, TimeSpan timeOut)
2017-11-01 21:24:08> Unhandled exception: System.AggregateException: One or more errors occurred. ---> System.Exception: Couldn't acquire lock, is another instance running
   at Squirrel.SingleGlobalInstance..ctor(String key, TimeSpan timeOut)
   at Squirrel.UpdateManager.<acquireUpdateLock>b__32_0()
   at System.Threading.Tasks.Task`1.InnerInvoke()
   at System.Threading.Tasks.Task.Execute()
--- End of stack trace from previous location where exception was thrown ---
   at System.Runtime.CompilerServices.TaskAwaiter.ThrowForNonSuccess(Task task)
   at System.Runtime.CompilerServices.TaskAwaiter.HandleNonSuccessAndDebuggerNotification(Task task)
   at Squirrel.UpdateManager.<CheckForUpdate>d__7.MoveNext()
--- End of stack trace from previous location where exception was thrown ---
   at System.Runtime.CompilerServices.TaskAwaiter.ThrowForNonSuccess(Task task)
   at System.Runtime.CompilerServices.TaskAwaiter.HandleNonSuccessAndDebuggerNotification(Task task)
   at Squirrel.Update.Program.<Download>d__7.MoveNext()
   --- End of inner exception stack trace ---
   at System.Threading.Tasks.Task.ThrowIfExceptional(Boolean includeTaskCanceledExceptions)
   at System.Threading.Tasks.Task`1.GetResultCore(Boolean waitCompletionNotification)
   at System.Threading.Tasks.Task`1.get_Result()
   at Squirrel.Update.Program.executeCommandLine(String[] args)
   at Squirrel.Update.Program.main(String[] args)
---> (Inner Exception #0) System.Exception: Couldn't acquire lock, is another instance running
   at Squirrel.SingleGlobalInstance..ctor(String key, TimeSpan timeOut)
   at Squirrel.UpdateManager.<acquireUpdateLock>b__32_0()
   at System.Threading.Tasks.Task`1.InnerInvoke()
   at System.Threading.Tasks.Task.Execute()
--- End of stack trace from previous location where exception was thrown ---
   at System.Runtime.CompilerServices.TaskAwaiter.ThrowForNonSuccess(Task task)
   at System.Runtime.CompilerServices.TaskAwaiter.HandleNonSuccessAndDebuggerNotification(Task task)
   at Squirrel.UpdateManager.<CheckForUpdate>d__7.MoveNext()
--- End of stack trace from previous location where exception was thrown ---
   at System.Runtime.CompilerServices.TaskAwaiter.ThrowForNonSuccess(Task task)
   at System.Runtime.CompilerServices.TaskAwaiter.HandleNonSuccessAndDebuggerNotification(Task task)
   at Squirrel.Update.Program.<Download>d__7.MoveNext()<---

2017-11-01 21:24:48> Program: Starting Squirrel Updater: --download https://atom.io/api/updates-x64?version=1.21.2
2017-11-01 21:24:48> Program: Fetching update information, downloading from https://atom.io/api/updates-x64?version=1.21.2
2017-11-01 21:24:48> CheckForUpdateImpl: Using existing staging user ID: 5b99ecbc-5346-50eb-867f-d1df890a5bfa
2017-11-01 21:24:48> CheckForUpdateImpl: Downloading RELEASES file from https://atom.io/api/updates-x64?version=1.21.2
2017-11-01 21:24:48> FileDownloader: Downloading url: https://atom.io/api/updates-x64/RELEASES?version=1.21.2&id=atom&localVersion=1.21.2&arch=amd64
2017-11-02 01:24:52> Program: Starting Squirrel Updater: --download https://atom.io/api/updates-x64?version=1.21.2
2017-11-02 01:24:52> Program: Fetching update information, downloading from https://atom.io/api/updates-x64?version=1.21.2
2017-11-02 01:24:53> CheckForUpdateImpl: Using existing staging user ID: 5b99ecbc-5346-50eb-867f-d1df890a5bfa
2017-11-02 01:24:53> CheckForUpdateImpl: Downloading RELEASES file from https://atom.io/api/updates-x64?version=1.21.2
2017-11-02 01:24:54> FileDownloader: Downloading url: https://atom.io/api/updates-x64/RELEASES?version=1.21.2&id=atom&localVersion=1.21.2&arch=amd64
2017-11-02 05:24:51> Program: Starting Squirrel Updater: --download https://atom.io/api/updates-x64?version=1.21.2
2017-11-02 05:24:51> Program: Fetching update information, downloading from https://atom.io/api/updates-x64?version=1.21.2
2017-11-02 05:24:51> CheckForUpdateImpl: Using existing staging user ID: 5b99ecbc-5346-50eb-867f-d1df890a5bfa
2017-11-02 05:24:51> CheckForUpdateImpl: Downloading RELEASES file from https://atom.io/api/updates-x64?version=1.21.2
2017-11-02 05:24:51> FileDownloader: Downloading url: https://atom.io/api/updates-x64/RELEASES?version=1.21.2&id=atom&localVersion=1.21.2&arch=amd64
2017-11-02 09:24:51> Program: Starting Squirrel Updater: --download https://atom.io/api/updates-x64?version=1.21.2
2017-11-02 09:24:51> Program: Fetching update information, downloading from https://atom.io/api/updates-x64?version=1.21.2
2017-11-02 09:24:51> CheckForUpdateImpl: Using existing staging user ID: 5b99ecbc-5346-50eb-867f-d1df890a5bfa
2017-11-02 09:24:51> CheckForUpdateImpl: Downloading RELEASES file from https://atom.io/api/updates-x64?version=1.21.2
2017-11-02 09:24:51> FileDownloader: Downloading url: https://atom.io/api/updates-x64/RELEASES?version=1.21.2&id=atom&localVersion=1.21.2&arch=amd64
2017-11-03 22:00:33> Program: Starting Squirrel Updater: --download https://atom.io/api/updates-x64?version=1.21.2
2017-11-03 22:00:34> Program: Fetching update information, downloading from https://atom.io/api/updates-x64?version=1.21.2
2017-11-03 22:00:36> CheckForUpdateImpl: Using existing staging user ID: 5b99ecbc-5346-50eb-867f-d1df890a5bfa
2017-11-03 22:00:39> CheckForUpdateImpl: Downloading RELEASES file from https://atom.io/api/updates-x64?version=1.21.2
2017-11-03 22:00:50> FileDownloader: Downloading url: https://atom.io/api/updates-x64/RELEASES?version=1.21.2&id=atom&localVersion=1.21.2&arch=amd64
em.IO.__Error.WinIOError(Int32 errorCode, String maybeFullPath)
   at System.IO.FileStream.Init(String path, FileMode mode, FileAccess access, Int32 rights, Boolean useRights, FileShare share, Int32 bufferSize, FileOptions options, SECURITY_ATTRIBUTES secAttrs, String msgPath, Boolean bFromProxy, Boolean useLongPath, Boolean checkHost)
   at System.IO.FileStream..ctor(String path, FileMode mode, FileAccess access, FileShare share)
   at Squirrel.SingleGlobalInstance..ctor(String key, TimeSpan timeOut)
2017-11-03 22:00:40> Unhandled exception: System.AggregateException: One or more errors occurred. ---> System.Exception: Couldn't acquire lock, is another instance running
   at Squirrel.SingleGlobalInstance..ctor(String key, TimeSpan timeOut)
   at Squirrel.UpdateManager.<acquireUpdateLock>b__32_0()
   at System.Threading.Tasks.Task`1.InnerInvoke()
   at System.Threading.Tasks.Task.Execute()
--- End of stack trace from previous location where exception was thrown ---
   at System.Runtime.CompilerServices.TaskAwaiter.ThrowForNonSuccess(Task task)
   at System.Runtime.CompilerServices.TaskAwaiter.HandleNonSuccessAndDebuggerNotification(Task task)
   at Squirrel.UpdateManager.<CheckForUpdate>d__7.MoveNext()
--- End of stack trace from previous location where exception was thrown ---
   at System.Runtime.CompilerServices.TaskAwaiter.ThrowForNonSuccess(Task task)
   at System.Runtime.CompilerServices.TaskAwaiter.HandleNonSuccessAndDebuggerNotification(Task task)
   at Squirrel.Update.Program.<Download>d__7.MoveNext()
   --- End of inner exception stack trace ---
   at System.Threading.Tasks.Task.ThrowIfExceptional(Boolean includeTaskCanceledExceptions)
   at System.Threading.Tasks.Task`1.GetResultCore(Boolean waitCompletionNotification)
   at System.Threading.Tasks.Task`1.get_Result()
   at Squirrel.Update.Program.executeCommandLine(String[] args)
   at Squirrel.Update.Program.main(String[] args)
---> (Inner Exception #0) System.Exception: Couldn't acquire lock, is another instance running
   at Squirrel.SingleGlobalInstance..ctor(String key, TimeSpan timeOut)
   at Squirrel.UpdateManager.<acquireUpdateLock>b__32_0()
   at System.Threading.Tasks.Task`1.InnerInvoke()
   at System.Threading.Tasks.Task.Execute()
--- End of stack trace from previous location where exception was thrown ---
   at System.Runtime.CompilerServices.TaskAwaiter.ThrowForNonSuccess(Task task)
   at System.Runtime.CompilerServices.TaskAwaiter.HandleNonSuccessAndDebuggerNotification(Task task)
   at Squirrel.UpdateManager.<CheckForUpdate>d__7.MoveNext()
--- End of stack trace from previous location where exception was thrown ---
   at System.Runtime.CompilerServices.TaskAwaiter.ThrowForNonSuccess(Task task)
   at System.Runtime.CompilerServices.TaskAwaiter.HandleNonSuccessAndDebuggerNotification(Task task)
   at Squirrel.Update.Program.<Download>d__7.MoveNext()<---

